# JRE version: OpenJDK Runtime Environment (11.0.11+9) (build 11.0.11+9-b60-7590822)
# Java VM: OpenJDK 64-Bit Server VM (11.0.11+9-b60-7590822, mixed mode, tiered, compressed oops, g1 gc, windows-amd64)
Heap:
 garbage-first heap   total 262144K, used 181404K [0x0000000080000000, 0x0000000100000000)
  region size 1024K, 73 young (74752K), 6 survivors (6144K)
 Metaspace       used 101749K, capacity 104211K, committed 104320K, reserved 1140736K
  class space    used 12976K, capacity 13879K, committed 13924K, reserved 1048576K
GC Heap History (20 events):
Event: 8.949 GC heap before
{Heap before GC invocations=9 (full 0):
 garbage-first heap   total 262144K, used 143269K [0x0000000080000000, 0x0000000100000000)
  region size 1024K, 119 young (121856K), 12 survivors (12288K)
 Metaspace       used 48711K, capacity 49955K, committed 50172K, reserved 1093632K
  class space    used 6206K, capacity 6671K, committed 6784K, reserved 1048576K
}
Event: 8.966 GC heap after
{Heap after GC invocations=10 (full 0):
 garbage-first heap   total 262144K, used 42875K [0x0000000080000000, 0x0000000100000000)
  region size 1024K, 15 young (15360K), 15 survivors (15360K)
 Metaspace       used 48711K, capacity 49955K, committed 50172K, reserved 1093632K
  class space    used 6206K, capacity 6671K, committed 6784K, reserved 1048576K
}
Event: 10.290 GC heap before
{Heap before GC invocations=10 (full 0):
 garbage-first heap   total 262144K, used 109435K [0x0000000080000000, 0x0000000100000000)
  region size 1024K, 81 young (82944K), 15 survivors (15360K)
 Metaspace       used 58492K, capacity 59840K, committed 59940K, reserved 1101824K
  class space    used 7420K, capacity 7935K, committed 7936K, reserved 1048576K
}
Event: 10.304 GC heap after
{Heap after GC invocations=11 (full 0):
 garbage-first heap   total 262144K, used 46179K [0x0000000080000000, 0x0000000100000000)
  region size 1024K, 13 young (13312K), 13 survivors (13312K)
 Metaspace       used 58492K, capacity 59840K, committed 59940K, reserved 1101824K
  class space    used 7420K, capacity 7935K, committed 7936K, reserved 1048576K
}
Event: 11.882 GC heap before
{Heap before GC invocations=12 (full 0):
 garbage-first heap   total 262144K, used 154723K [0x0000000080000000, 0x0000000100000000)
  region size 1024K, 119 young (121856K), 13 survivors (13312K)
 Metaspace       used 66049K, capacity 67618K, committed 67696K, reserved 1107968K
  class space    used 8390K, capacity 8978K, committed 9036K, reserved 1048576K
}
Event: 11.898 GC heap after
{Heap after GC invocations=13 (full 0):
 garbage-first heap   total 262144K, used 55514K [0x0000000080000000, 0x0000000100000000)
  region size 1024K, 12 young (12288K), 12 survivors (12288K)
 Metaspace       used 66049K, capacity 67618K, committed 67696K, reserved 1107968K
  class space    used 8390K, capacity 8978K, committed 9036K, reserved 1048576K
}
Event: 13.957 GC heap before
{Heap before GC invocations=13 (full 0):
 garbage-first heap   total 262144K, used 167130K [0x0000000080000000, 0x0000000100000000)
  region size 1024K, 121 young (123904K), 12 survivors (12288K)
 Metaspace       used 77752K, capacity 79534K, committed 79728K, reserved 1118208K
  class space    used 10127K, capacity 10801K, committed 10828K, reserved 1048576K
}
Event: 13.978 GC heap after
{Heap after GC invocations=14 (full 0):
 garbage-first heap   total 262144K, used 62822K [0x0000000080000000, 0x0000000100000000)
  region size 1024K, 8 young (8192K), 8 survivors (8192K)
 Metaspace       used 77752K, capacity 79534K, committed 79728K, reserved 1118208K
  class space    used 10127K, capacity 10801K, committed 10828K, reserved 1048576K
}
Event: 16.608 GC heap before
{Heap before GC invocations=14 (full 0):
 garbage-first heap   total 262144K, used 179558K [0x0000000080000000, 0x0000000100000000)
  region size 1024K, 122 young (124928K), 8 survivors (8192K)
 Metaspace       used 82856K, capacity 84917K, committed 85104K, reserved 1122304K
  class space    used 10768K, capacity 11555K, committed 11596K, reserved 1048576K
}
Event: 16.629 GC heap after
{Heap after GC invocations=15 (full 0):
 garbage-first heap   total 262144K, used 75704K [0x0000000080000000, 0x0000000100000000)
  region size 1024K, 16 young (16384K), 16 survivors (16384K)
 Metaspace       used 82856K, capacity 84917K, committed 85104K, reserved 1122304K
  class space    used 10768K, capacity 11555K, committed 11596K, reserved 1048576K
}
Event: 18.611 GC heap before
{Heap before GC invocations=15 (full 0):
 garbage-first heap   total 262144K, used 194488K [0x0000000080000000, 0x0000000100000000)
  region size 1024K, 123 young (125952K), 16 survivors (16384K)
 Metaspace       used 84464K, capacity 86503K, committed 86768K, reserved 1124352K
  class space    used 10919K, capacity 11677K, committed 11724K, reserved 1048576K
}
Event: 18.642 GC heap after
{Heap after GC invocations=16 (full 0):
 garbage-first heap   total 262144K, used 93869K [0x0000000080000000, 0x0000000100000000)
  region size 1024K, 16 young (16384K), 16 survivors (16384K)
 Metaspace       used 84464K, capacity 86503K, committed 86768K, reserved 1124352K
  class space    used 10919K, capacity 11677K, committed 11724K, reserved 1048576K
}
Event: 20.409 GC heap before
{Heap before GC invocations=16 (full 0):
 garbage-first heap   total 262144K, used 207533K [0x0000000080000000, 0x0000000100000000)
  region size 1024K, 113 young (115712K), 16 survivors (16384K)
 Metaspace       used 88792K, capacity 91037K, committed 91248K, reserved 1128448K
  class space    used 11238K, capacity 12079K, committed 12108K, reserved 1048576K
}
Event: 20.433 GC heap after
{Heap after GC invocations=17 (full 0):
 garbage-first heap   total 262144K, used 105472K [0x0000000080000000, 0x0000000100000000)
  region size 1024K, 12 young (12288K), 12 survivors (12288K)
 Metaspace       used 88792K, capacity 91037K, committed 91248K, reserved 1128448K
  class space    used 11238K, capacity 12079K, committed 12108K, reserved 1048576K
}
Event: 21.995 GC heap before
{Heap before GC invocations=17 (full 0):
 garbage-first heap   total 262144K, used 197632K [0x0000000080000000, 0x0000000100000000)
  region size 1024K, 103 young (105472K), 12 survivors (12288K)
 Metaspace       used 92412K, capacity 94546K, committed 94704K, reserved 1132544K
  class space    used 11644K, capacity 12451K, committed 12492K, reserved 1048576K
}
Event: 22.000 GC heap after
{Heap after GC invocations=18 (full 0):
 garbage-first heap   total 262144K, used 98304K [0x0000000080000000, 0x0000000100000000)
  region size 1024K, 3 young (3072K), 3 survivors (3072K)
 Metaspace       used 92412K, capacity 94546K, committed 94704K, reserved 1132544K
  class space    used 11644K, capacity 12451K, committed 12492K, reserved 1048576K
}
Event: 23.285 GC heap before
{Heap before GC invocations=18 (full 0):
 garbage-first heap   total 262144K, used 198656K [0x0000000080000000, 0x0000000100000000)
  region size 1024K, 102 young (104448K), 3 survivors (3072K)
 Metaspace       used 96091K, capacity 98334K, committed 98544K, reserved 1134592K
  class space    used 12048K, capacity 12876K, committed 13004K, reserved 1048576K
}
Event: 23.295 GC heap after
{Heap after GC invocations=19 (full 0):
 garbage-first heap   total 262144K, used 104774K [0x0000000080000000, 0x0000000100000000)
  region size 1024K, 9 young (9216K), 9 survivors (9216K)
 Metaspace       used 96091K, capacity 98334K, committed 98544K, reserved 1134592K
  class space    used 12048K, capacity 12876K, committed 13004K, reserved 1048576K
}
Event: 23.805 GC heap before
{Heap before GC invocations=19 (full 0):
 garbage-first heap   total 262144K, used 148806K [0x0000000080000000, 0x0000000100000000)
  region size 1024K, 49 young (50176K), 9 survivors (9216K)
 Metaspace       used 98013K, capacity 100322K, committed 100456K, reserved 1136640K
  class space    used 12275K, capacity 13117K, committed 13132K, reserved 1048576K
}
Event: 23.821 GC heap after
{Heap after GC invocations=20 (full 0):
 garbage-first heap   total 262144K, used 115868K [0x0000000080000000, 0x0000000100000000)
  region size 1024K, 6 young (6144K), 6 survivors (6144K)
 Metaspace       used 98013K, capacity 100322K, committed 100456K, reserved 1136640K
  class space    used 12275K, capacity 13117K, committed 13132K, reserved 1048576K
}

